<?xml version="1.0" encoding="UTF-8"?>
<!-- Generated by org.testng.reporters.JUnitXMLReporter -->
<testsuite ignored="0" hostname="DESKTOP-8QBIHO6" failures="0" tests="3" name="Test-1" time="22.202" errors="0" timestamp="2024-06-01T15:12:15 IST">
  <testcase classname="com.crm.comcast.contactTest.A" name="amazon" time="7.035"/>
  <testcase classname="com.crm.comcast.contactTest.A" name="demo" time="11.064"/>
  <testcase classname="com.crm.comcast.contactTest.A" name="flipcart" time="1.899"/>
</testsuite> <!-- Test-1 -->
