<?xml version="1.0" encoding="UTF-8"?>
<!-- Generated by org.testng.reporters.JUnitXMLReporter -->
<testsuite ignored="0" hostname="DESKTOP-8QBIHO6" failures="0" tests="3" name="Test-2" time="21.054" errors="0" timestamp="2024-06-01T15:12:14 IST">
  <testcase classname="com.crm.comcast.orgTest.B" name="amazon" time="6.635"/>
  <testcase classname="com.crm.comcast.orgTest.B" name="demo" time="9.932"/>
  <testcase classname="com.crm.comcast.orgTest.B" name="flipcart" time="2.133"/>
</testsuite> <!-- Test-2 -->
