<?xml version="1.0" encoding="UTF-8"?>
<!-- Generated by org.testng.reporters.JUnitReportReporter -->
<testsuite hostname="DESKTOP-8QBIHO6" failures="0" tests="2" name="Assertion.Example" time="0.017" errors="0" timestamp="2024-06-03T11:51:40 IST" skipped="0">
  <testcase classname="Assertion.Example" name="homepage2" time="0.002"/>
  <system-out>
    <![CDATA[homepage2Excecution start
step-1
step-2
step-3
step-4
Excecution End]]>
  </system-out>
  <testcase classname="Assertion.Example" name="homepage" time="0.015"/>
  <system-out>
    <![CDATA[homepageExcecution start
step-1
step-2
step-3
step-4
Excecution End]]>
  </system-out>
</testsuite> <!-- Assertion.Example -->
