<?xml version="1.0" encoding="UTF-8"?>
<!-- Generated by org.testng.reporters.JUnitReportReporter -->
<testsuite hostname="DESKTOP-8QBIHO6" failures="0" tests="3" name="com.crm.comcast.orgTest.B" time="18.705" errors="0" timestamp="2024-06-01T15:12:15 IST" skipped="0">
  <testcase classname="com.crm.comcast.orgTest.B" name="flipcart" time="2.134"/>
  <system-out/>
  <testcase classname="com.crm.comcast.orgTest.B" name="amazon" time="6.638"/>
  <system-out/>
  <testcase classname="com.crm.comcast.orgTest.B" name="demo" time="9.933"/>
  <system-out/>
</testsuite> <!-- com.crm.comcast.orgTest.B -->
