<?xml version="1.0" encoding="UTF-8"?>
<!-- Generated by org.testng.reporters.JUnitReportReporter -->
<testsuite hostname="DESKTOP-8QBIHO6" failures="0" tests="3" name="com.crm.comcast.contactTest.A" time="7.333" errors="0" timestamp="2024-06-12T18:22:40 IST" skipped="0">
  <testcase classname="com.crm.comcast.contactTest.A" name="amazon" time="1.732"/>
  <system-out/>
  <testcase classname="com.crm.comcast.contactTest.A" name="flipcart" time="2.588"/>
  <system-out/>
  <testcase classname="com.crm.comcast.contactTest.A" name="demo" time="3.013"/>
  <system-out/>
</testsuite> <!-- com.crm.comcast.contactTest.A -->
