<?xml version="1.0" encoding="UTF-8"?>
<!-- Generated by org.testng.reporters.JUnitReportReporter -->
<testsuite hostname="DESKTOP-8QBIHO6" failures="0" tests="3" name="com.crm.comcast.contactTest.A" time="11.224" errors="0" timestamp="2024-07-20T23:46:33 IST" skipped="0">
  <testcase classname="com.crm.comcast.contactTest.A" name="flipcart" time="3.360"/>
  <system-out/>
  <testcase classname="com.crm.comcast.contactTest.A" name="demo" time="5.704"/>
  <system-out/>
  <testcase classname="com.crm.comcast.contactTest.A" name="amazon" time="2.160"/>
  <system-out/>
</testsuite> <!-- com.crm.comcast.contactTest.A -->
