<?xml version="1.0" encoding="UTF-8"?>
<!-- Generated by org.testng.reporters.JUnitReportReporter -->
<testsuite hostname="DESKTOP-8QBIHO6" failures="0" tests="1" name="com.crm.comcast.contactTest.FlipCart" time="2.432" errors="0" timestamp="2024-07-20T23:46:33 IST" skipped="0">
  <testcase classname="com.crm.comcast.contactTest.FlipCart" name="flipcart" time="2.432"/>
  <system-out/>
</testsuite> <!-- com.crm.comcast.contactTest.FlipCart -->
