<?xml version="1.0" encoding="UTF-8"?>
<!-- Generated by org.testng.reporters.JUnitReportReporter -->
<testsuite hostname="DESKTOP-8QBIHO6" failures="0" tests="1" name="com.crm.comcast.contactTest.Amazon" time="2.371" errors="0" timestamp="2024-06-01T12:46:22 IST" skipped="0">
  <testcase classname="com.crm.comcast.contactTest.Amazon" name="amazon" time="2.371"/>
  <system-out/>
</testsuite> <!-- com.crm.comcast.contactTest.Amazon -->
