<?xml version="1.0" encoding="UTF-8"?>
<!-- Generated by org.testng.reporters.JUnitReportReporter -->
<testsuite hostname="DESKTOP-8QBIHO6" failures="0" tests="1" name="ScreenShot.Example_screenShort" time="8.701" errors="0" timestamp="2024-06-07T10:54:45 IST" skipped="0">
  <testcase classname="ScreenShot.Example_screenShort" name="amazonPage" time="8.701"/>
  <system-out/>
</testsuite> <!-- ScreenShot.Example_screenShort -->
