<?xml version="1.0" encoding="UTF-8"?>
<!-- Generated by org.testng.reporters.JUnitReportReporter -->
<testsuite hostname="DESKTOP-8QBIHO6" failures="0" tests="1" name="com.crm.comcast.orgTest.Amazon" time="4.329" errors="0" timestamp="2024-06-01T12:28:56 IST" skipped="0">
  <testcase classname="com.crm.comcast.orgTest.Amazon" name="amazon" time="4.329"/>
  <system-out/>
</testsuite> <!-- com.crm.comcast.orgTest.Amazon -->
