<?xml version="1.0" encoding="UTF-8"?>
<!-- Generated by org.testng.reporters.JUnitReportReporter -->
<testsuite hostname="DESKTOP-8QBIHO6" failures="0" tests="2" name="com.crm.comcast.orgTest.CreateContactTest" time="0.008" errors="0" timestamp="2024-06-01T12:21:34 IST" skipped="0">
  <testcase classname="com.crm.comcast.orgTest.CreateContactTest" name="createcontact" time="0.005"/>
  <system-out/>
  <testcase classname="com.crm.comcast.orgTest.CreateContactTest" name="createcontactWithDAta" time="0.003"/>
  <system-out/>
</testsuite> <!-- com.crm.comcast.orgTest.CreateContactTest -->
