<?xml version="1.0" encoding="UTF-8"?>
<!-- Generated by org.testng.reporters.JUnitReportReporter -->
<testsuite hostname="DESKTOP-8QBIHO6" failures="0" tests="1" name="com.crm.comcast.contactTest.DemoWorkShop" time="3.574" errors="0" timestamp="2024-06-01T12:54:38 IST" skipped="0">
  <testcase classname="com.crm.comcast.contactTest.DemoWorkShop" name="demo" time="3.574"/>
  <system-out/>
</testsuite> <!-- com.crm.comcast.contactTest.DemoWorkShop -->
