<?xml version="1.0" encoding="UTF-8"?>
<!-- Generated by org.testng.reporters.JUnitReportReporter -->
<testsuite hostname="DESKTOP-8QBIHO6" failures="0" tests="2" name="com.crm.comcast.contactTest.Debug" time="1.981" errors="0" timestamp="2024-07-20T23:46:33 IST" skipped="0">
  <testcase classname="com.crm.comcast.contactTest.Debug" name="actualValue" time="0.983"/>
  <system-out/>
  <testcase classname="com.crm.comcast.contactTest.Debug" name="modifiedValue" time="0.998"/>
  <system-out/>
</testsuite> <!-- com.crm.comcast.contactTest.Debug -->
