<?xml version="1.0" encoding="UTF-8"?>
<!-- Generated by org.testng.reporters.JUnitReportReporter -->
<testsuite hostname="DESKTOP-8QBIHO6" failures="0" tests="1" name="Report_Extent.SampleReportTest" time="1.299" errors="0" timestamp="2024-06-08T16:23:58 IST" skipped="0">
  <testcase classname="Report_Extent.SampleReportTest" name="createTest" time="1.299"/>
  <system-out/>
</testsuite> <!-- Report_Extent.SampleReportTest -->
