<?xml version="1.0" encoding="UTF-8"?>
<!-- Generated by org.testng.reporters.JUnitReportReporter -->
<testsuite hostname="DESKTOP-8QBIHO6" failures="0" tests="2" name="com.crm.comcast.contactTest.CreateOrgTest" time="0.011" errors="0" timestamp="2024-07-20T23:46:33 IST" skipped="0">
  <testcase classname="com.crm.comcast.contactTest.CreateOrgTest" name="createcontactWithDAta" time="0.002"/>
  <system-out/>
  <testcase classname="com.crm.comcast.contactTest.CreateOrgTest" name="createcontact" time="0.009"/>
  <system-out/>
</testsuite> <!-- com.crm.comcast.contactTest.CreateOrgTest -->
