<?xml version="1.0" encoding="UTF-8"?>
<!-- Generated by org.testng.reporters.JUnitReportReporter -->
<testsuite hostname="DESKTOP-8QBIHO6" failures="0" tests="3" name="com.crm.comcast.orgTest.B" time="7.146" errors="0" timestamp="2024-07-20T23:46:33 IST" skipped="0">
  <testcase classname="com.crm.comcast.orgTest.B" name="flipcart" time="1.564"/>
  <system-out/>
  <testcase classname="com.crm.comcast.orgTest.B" name="demo" time="3.010"/>
  <system-out/>
  <testcase classname="com.crm.comcast.orgTest.B" name="amazon" time="2.572"/>
  <system-out/>
</testsuite> <!-- com.crm.comcast.orgTest.B -->
