<?xml version="1.0" encoding="UTF-8"?>
<!-- Generated by org.testng.reporters.JUnitReportReporter -->
<testsuite hostname="DESKTOP-8QBIHO6" failures="0" tests="1" name="com.crm.comcast.contactTest.Amazon" time="1.861" errors="0" timestamp="2024-07-20T23:46:33 IST" skipped="0">
  <testcase classname="com.crm.comcast.contactTest.Amazon" name="amazon" time="1.861"/>
  <system-out/>
</testsuite> <!-- com.crm.comcast.contactTest.Amazon -->
