<?xml version="1.0" encoding="UTF-8"?>
<!-- Generated by org.testng.reporters.JUnitReportReporter -->
<testsuite hostname="DESKTOP-8QBIHO6" failures="0" tests="1" name="ScreenShot.Example_screenShort" time="3.684" errors="0" timestamp="2024-07-20T23:46:33 IST" skipped="0">
  <testcase classname="ScreenShot.Example_screenShort" name="amazonPage" time="3.684"/>
  <system-out/>
</testsuite> <!-- ScreenShot.Example_screenShort -->
