<?xml version="1.0" encoding="UTF-8"?>
<!-- Generated by org.testng.reporters.JUnitReportReporter -->
<testsuite hostname="DESKTOP-8QBIHO6" failures="0" tests="1" name="com.crm.comcast.contactTest.Debug" time="131.317" errors="0" timestamp="2024-06-12T18:30:59 IST" skipped="0">
  <testcase classname="com.crm.comcast.contactTest.Debug" name="actualValue" time="131.317"/>
  <system-out/>
</testsuite> <!-- com.crm.comcast.contactTest.Debug -->
