<?xml version="1.0" encoding="UTF-8"?>
<!-- Generated by org.testng.reporters.JUnitReportReporter -->
<testsuite hostname="DESKTOP-8QBIHO6" failures="0" tests="2" name="com.crm.comcast.orgTest.CreateContactTest" time="0.015" errors="0" timestamp="2024-07-20T23:46:33 IST" skipped="0">
  <testcase classname="com.crm.comcast.orgTest.CreateContactTest" name="createcontactWithDAta" time="0.000"/>
  <system-out/>
  <testcase classname="com.crm.comcast.orgTest.CreateContactTest" name="createcontact" time="0.015"/>
  <system-out/>
</testsuite> <!-- com.crm.comcast.orgTest.CreateContactTest -->
